2026-02-10 11:16:19 error: Error saving document to DB: Document validation failed: esign.status: `1` is not a valid enum value for path `esign.status`.
2026-02-10 11:24:23 error: Error saving document to DB: Document validation failed: esign.status: `1` is not a valid enum value for path `esign.status`.
2026-02-10 11:28:17 error: Error saving document to DB: Cannot read properties of undefined (reading 'documentId')
2026-02-10 11:30:12 error: Error saving document to DB: Cannot read properties of undefined (reading 'documentId')
2026-02-10 11:37:39 error: Error fetching single LTP for BSE:TCS: timeout of 10000ms exceeded
2026-02-10 11:37:39 error: Error in getSinglePrice: Failed to fetch price for TCS: timeout of 10000ms exceeded
2026-02-10 11:38:02 error: Error fetching single LTP for BSE:TCS: timeout of 10000ms exceeded
2026-02-10 11:38:02 error: Error in getSinglePrice: Failed to fetch price for TCS: timeout of 10000ms exceeded
2026-02-10 11:44:22 error: Error sending email: Missing credentials for "PLAIN"
2026-02-10 11:44:22 error: Error sending subscription confirmation email: Missing credentials for "PLAIN"
2026-02-10 11:46:35 error: Failed to send recommendation to user 6981fbb56f99a61af223d01b: notificationService.sendRecommendationNotification is not a function
2026-02-10 11:46:38 error: Error sending WhatsApp message to 8178218011:
2026-02-10 11:49:52 error: Failed to send recommendation to user 6981fbb56f99a61af223d01b: notificationService.sendRecommendationNotification is not a function
2026-02-10 11:49:54 error: Error sending WhatsApp message to 8178218011:
2026-02-10 11:49:54 error: Failed to send recommendation to user 6981fbb56f99a61af223d01b: notificationService.sendRecommendationNotification is not a function
2026-02-10 11:49:55 error: Error sending WhatsApp message to 8178218011:
2026-02-10 11:54:51 error: Error fetching batch LTP: Request failed with status code 502
2026-02-10 11:54:51 error: Error in getBatchPrices: Failed to fetch batch prices: Request failed with status code 502
2026-02-10 11:57:22 error: Error sending WhatsApp message to 8178218011: Request failed with status code 400
2026-02-10 12:02:13 error: Error fetching batch LTP: Request failed with status code 502
2026-02-10 12:02:13 error: Error in getBatchPrices: Failed to fetch batch prices: Request failed with status code 502
2026-02-10 12:07:11 error: Error fetching batch LTP: Request failed with status code 502
2026-02-10 12:07:11 error: Error in getBatchPrices: Failed to fetch batch prices: Request failed with status code 502
2026-02-10 12:12:12 error: Error fetching batch LTP: Request failed with status code 502
2026-02-10 12:12:12 error: Error in getBatchPrices: Failed to fetch batch prices: Request failed with status code 502
2026-02-10 12:17:11 error: Error fetching batch LTP: Request failed with status code 502
2026-02-10 12:17:11 error: Error in getBatchPrices: Failed to fetch batch prices: Request failed with status code 502
2026-02-10 12:22:11 error: Error fetching batch LTP: Request failed with status code 502
2026-02-10 12:22:11 error: Error in getBatchPrices: Failed to fetch batch prices: Request failed with status code 502
2026-02-10 12:27:32 error: Error fetching batch LTP: Request failed with status code 502
2026-02-10 12:27:32 error: Error in getBatchPrices: Failed to fetch batch prices: Request failed with status code 502
2026-02-14 12:04:45 error: Error parsing token: The first argument must be of type string or an instance of Buffer, ArrayBuffer, or Array or an Array-like Object. Received undefined
2026-03-07 11:08:22 error: Error fetching batch LTP: timeout of 10000ms exceeded
2026-03-07 11:08:22 error: Error in getBatchPrices: Failed to fetch batch prices: timeout of 10000ms exceeded
2026-03-07 11:08:48 error: Failed to send recommendation to user 69a419b3756bdc7b5178e0b8: notificationService.sendRecommendationNotification is not a function {"stack":"TypeError: notificationService.sendRecommendationNotification is not a function\n    at sendRecommendationToUsers (file:///C:/Users/aiman/Desktop/Projects/investkaps_dev/backend/controllers/stockRecommendationController.js:537:35)\n    at process.processTicksAndRejections (node:internal/process/task_queues:105:5)\n    at async createRecommendation (file:///C:/Users/aiman/Desktop/Projects/investkaps_dev/backend/controllers/stockRecommendationController.js:65:7)"}
2026-03-07 11:08:48 error: Failed to send recommendation to user 69abb63c8edc25122953014d: notificationService.sendRecommendationNotification is not a function {"stack":"TypeError: notificationService.sendRecommendationNotification is not a function\n    at sendRecommendationToUsers (file:///C:/Users/aiman/Desktop/Projects/investkaps_dev/backend/controllers/stockRecommendationController.js:537:35)\n    at process.processTicksAndRejections (node:internal/process/task_queues:105:5)\n    at async createRecommendation (file:///C:/Users/aiman/Desktop/Projects/investkaps_dev/backend/controllers/stockRecommendationController.js:65:7)"}
2026-03-07 11:08:51 error: Error sending WhatsApp message to 9987003453: Request failed with status code 400 {"status":400,"statusText":"Bad Request","data":{"error":{"message":"(#131030) Recipient phone number not in allowed list","type":"OAuthException","code":131030,"error_data":{"messaging_product":"whatsapp","details":"Recipient phone number not in allowed list: Add recipient phone number to recipient list and try again."},"fbtrace_id":"Aammbfe8HTXK8rOd68wRytQ"}},"config":{"url":"https://graph.facebook.com/v18.0/815973018255127/messages","method":"post"}}
2026-03-07 11:08:51 error: Error sending WhatsApp message to 9987003453: Request failed with status code 400 {"status":400,"statusText":"Bad Request","data":{"error":{"message":"(#131030) Recipient phone number not in allowed list","type":"OAuthException","code":131030,"error_data":{"messaging_product":"whatsapp","details":"Recipient phone number not in allowed list: Add recipient phone number to recipient list and try again."},"fbtrace_id":"AHpA7dEzlH-XuSjXny5HI_G"}},"config":{"url":"https://graph.facebook.com/v18.0/815973018255127/messages","method":"post"}}
2026-03-07 11:08:57 error: Failed to send recommendation to user 69a419b3756bdc7b5178e0b8: notificationService.sendRecommendationNotification is not a function {"stack":"TypeError: notificationService.sendRecommendationNotification is not a function\n    at sendRecommendationToUsers (file:///C:/Users/aiman/Desktop/Projects/investkaps_dev/backend/controllers/stockRecommendationController.js:537:35)\n    at process.processTicksAndRejections (node:internal/process/task_queues:105:5)\n    at async createRecommendation (file:///C:/Users/aiman/Desktop/Projects/investkaps_dev/backend/controllers/stockRecommendationController.js:65:7)"}
2026-03-07 11:08:57 error: Failed to send recommendation to user 69abb63c8edc25122953014d: notificationService.sendRecommendationNotification is not a function {"stack":"TypeError: notificationService.sendRecommendationNotification is not a function\n    at sendRecommendationToUsers (file:///C:/Users/aiman/Desktop/Projects/investkaps_dev/backend/controllers/stockRecommendationController.js:537:35)\n    at process.processTicksAndRejections (node:internal/process/task_queues:105:5)\n    at async createRecommendation (file:///C:/Users/aiman/Desktop/Projects/investkaps_dev/backend/controllers/stockRecommendationController.js:65:7)"}
2026-03-07 11:08:58 error: Error sending WhatsApp message to 9987003453: Request failed with status code 400 {"status":400,"statusText":"Bad Request","data":{"error":{"message":"(#131030) Recipient phone number not in allowed list","type":"OAuthException","code":131030,"error_data":{"messaging_product":"whatsapp","details":"Recipient phone number not in allowed list: Add recipient phone number to recipient list and try again."},"fbtrace_id":"A_lx0pPz9R94UcVuCeWHvW3"}},"config":{"url":"https://graph.facebook.com/v18.0/815973018255127/messages","method":"post"}}
2026-03-07 11:08:58 error: Error sending WhatsApp message to 9987003453: Request failed with status code 400 {"status":400,"statusText":"Bad Request","data":{"error":{"message":"(#131030) Recipient phone number not in allowed list","type":"OAuthException","code":131030,"error_data":{"messaging_product":"whatsapp","details":"Recipient phone number not in allowed list: Add recipient phone number to recipient list and try again."},"fbtrace_id":"Ap8M1BxQTNIdGQsmG1tn4eJ"}},"config":{"url":"https://graph.facebook.com/v18.0/815973018255127/messages","method":"post"}}
2026-03-07 11:10:10 error: Error fetching batch LTP: Request failed with status code 502
2026-03-07 11:10:10 error: Error in getBatchPrices: Failed to fetch batch prices: Request failed with status code 502
2026-03-07 11:15:11 error: Error fetching batch LTP: Request failed with status code 502
2026-03-07 11:15:11 error: Error in getBatchPrices: Failed to fetch batch prices: Request failed with status code 502
2026-03-12 11:12:17 error: Error fetching batch LTP: timeout of 10000ms exceeded
2026-03-12 11:12:17 error: Error in getBatchPrices: Failed to fetch batch prices: timeout of 10000ms exceeded
2026-04-01 22:15:27 error: Error fetching batch LTP: timeout of 10000ms exceeded
2026-04-01 22:15:27 error: Error in getBatchPrices: Failed to fetch batch prices: timeout of 10000ms exceeded
2026-04-01 22:15:45 error: Error fetching single LTP for BSE:GPIL: timeout of 10000ms exceeded
2026-04-01 22:15:45 error: Error in getSinglePrice: Failed to fetch price for GPIL: timeout of 10000ms exceeded
2026-04-01 22:18:36 error: Error fetching single LTP for BSE:GPIL: Request failed with status code 404
2026-04-01 22:18:36 error: Error in getSinglePrice: Failed to fetch price for GPIL: Request failed with status code 404
2026-04-01 22:18:48 error: Error fetching single LTP for BSE:TCS: Request failed with status code 404
2026-04-01 22:18:48 error: Error in getSinglePrice: Failed to fetch price for TCS: Request failed with status code 404
2026-04-01 22:20:19 error: Error fetching batch LTP: Request failed with status code 502
2026-04-01 22:20:19 error: Error in getBatchPrices: Failed to fetch batch prices: Request failed with status code 502
2026-04-01 22:20:58 error: Error fetching single LTP for NSE:TCS: Request failed with status code 404
2026-04-01 22:20:58 error: Error in getSinglePrice: Failed to fetch price for TCS: Request failed with status code 404
2026-04-01 22:21:04 error: Error fetching single LTP for NSE:TCS: Request failed with status code 404
2026-04-01 22:21:04 error: Error in getSinglePrice: Failed to fetch price for TCS: Request failed with status code 404
2026-04-01 22:25:19 error: Error fetching batch LTP: Request failed with status code 502
2026-04-01 22:25:19 error: Error in getBatchPrices: Failed to fetch batch prices: Request failed with status code 502
2026-04-01 22:30:19 error: Error fetching batch LTP: Request failed with status code 502
2026-04-01 22:30:19 error: Error in getBatchPrices: Failed to fetch batch prices: Request failed with status code 502
2026-04-01 22:35:19 error: Error fetching batch LTP: Request failed with status code 502
2026-04-01 22:35:19 error: Error in getBatchPrices: Failed to fetch batch prices: Request failed with status code 502
2026-04-01 22:40:20 error: Error fetching batch LTP: Request failed with status code 502
2026-04-01 22:40:20 error: Error in getBatchPrices: Failed to fetch batch prices: Request failed with status code 502
2026-04-01 22:45:19 error: Error fetching batch LTP: Request failed with status code 502
2026-04-01 22:45:19 error: Error in getBatchPrices: Failed to fetch batch prices: Request failed with status code 502
2026-04-01 22:50:41 error: Error fetching batch LTP: Request failed with status code 502
2026-04-01 22:50:41 error: Error in getBatchPrices: Failed to fetch batch prices: Request failed with status code 502
2026-04-01 22:55:39 error: Error fetching batch LTP: Request failed with status code 502
2026-04-01 22:55:39 error: Error in getBatchPrices: Failed to fetch batch prices: Request failed with status code 502
2026-04-01 23:00:40 error: Error fetching batch LTP: Request failed with status code 502
2026-04-01 23:00:40 error: Error in getBatchPrices: Failed to fetch batch prices: Request failed with status code 502
