{"timestamp":"2026-02-10T05:10:35.510Z","level":"INFO","message":"Sending request to Leegality API","details":{"url":"https://app1.leegality.com/api/v3.0/sign/request","profileId":"TNbM5NR","fileName":"Terms and Conditions","base64Preview":{"length":333364,"head":"JVBERi0xLjcNCiW1tbW1DQoxIDAgb2JqDQo8PC9U","tail":"NzQ+Pg0Kc3RhcnR4cmVmDQoyNDk4NDANCiUlRU9G"}}}
{"timestamp":"2026-02-10T05:10:36.478Z","level":"INFO","message":"Signature request created","details":{"status":200}}
{"timestamp":"2026-02-10T05:10:36.478Z","level":"INFO","message":"Leegality API Response Structure","details":{"responseData":"{\n  \"data\": {\n    \"documentId\": \"01KH2ZASWRVKYREKGBGTBBVAV0\",\n    \"irn\": \"INV-1770700234580-2230\",\n    \"invitees\": [\n      {\n        \"name\": \"Aiman Singh\",\n        \"email\": \"aiman.singh30@gmail.com\",\n        \"phone\": null,\n        \"signUrl\": \"https://app1.leegality.com/sign/ee55cad0-2c39-4fbb-9e0f-e1eee37ba30c\",\n        \"active\": true,\n        \"expiryDate\": \"2026-02-20T18:29:59Z\"\n      }\n    ]\n  },\n  \"messages\": [\n    {\n      \"code\": \"simpleWorkFlow.success\",\n      \"message\": \"Invitations sent successfully.\"\n    }\n  ],\n  \"status\": 1\n}"}}
{"timestamp":"2026-02-10T05:46:17.797Z","level":"INFO","message":"Sending request to Leegality API","details":{"url":"https://app1.leegality.com/api/v3.0/sign/request","profileId":"TNbM5NR","fileName":"Terms and Conditions","pdfSize":333364}}
{"timestamp":"2026-02-10T05:46:19.187Z","level":"INFO","message":"Signature request created","details":{"status":200}}
{"timestamp":"2026-02-10T05:46:19.190Z","level":"INFO","message":"Leegality API Response Structure","details":{"status":1,"messages":[{"code":"simpleWorkFlow.success","message":"Invitations sent successfully."}],"documentId":"01KH31C6AG9TX6E8AJN7ZHP4TJ","irn":"INV-1770702376787-7593","requestCount":0,"signedCount":0}}
{"timestamp":"2026-02-10T05:54:21.643Z","level":"INFO","message":"Sending request to Leegality API","details":{"url":"https://app1.leegality.com/api/v3.0/sign/request","profileId":"TNbM5NR","fileName":"Terms and Conditions","pdfSize":333364}}
{"timestamp":"2026-02-10T05:54:23.009Z","level":"INFO","message":"Signature request created","details":{"status":200}}
{"timestamp":"2026-02-10T05:54:23.010Z","level":"INFO","message":"Leegality API Response Structure","details":{"status":1,"messages":[{"code":"simpleWorkFlow.success","message":"Invitations sent successfully."}],"documentId":"01KH31TYWFTFG4D20PKYND4GEY","irn":"INV-1770702860021-6500","requestCount":0,"signedCount":0}}
{"timestamp":"2026-02-10T05:58:16.410Z","level":"INFO","message":"Sending request to Leegality API","details":{"url":"https://app1.leegality.com/api/v3.0/sign/request","profileId":"TNbM5NR","fileName":"Terms and Conditions","pdfSize":333364}}
{"timestamp":"2026-02-10T05:58:17.624Z","level":"INFO","message":"Leegality API Response Structure","details":{"status":1,"messages":[{"code":"simpleWorkFlow.success","message":"Invitations sent successfully."}],"documentId":"01KH3223YAFRWB9CSMGCA9REA1","irn":"INV-1770703094689-1482","requestCount":0,"signedCount":0}}
{"timestamp":"2026-02-10T05:58:17.614Z","level":"INFO","message":"Signature request created","details":{"status":200}}
{"timestamp":"2026-02-10T06:00:11.431Z","level":"INFO","message":"Sending request to Leegality API","details":{"url":"https://app1.leegality.com/api/v3.0/sign/request","profileId":"TNbM5NR","fileName":"Terms and Conditions","pdfSize":333364}}
{"timestamp":"2026-02-10T06:00:12.629Z","level":"INFO","message":"Signature request created","details":{"status":200}}
{"timestamp":"2026-02-10T06:00:12.633Z","level":"INFO","message":"Leegality API Response Structure","details":{"status":1,"messages":[{"code":"simpleWorkFlow.success","message":"Invitations sent successfully."}],"documentId":"01KH325M6392D54NVKWSCGQ99A","irn":"INV-1770703210471-6338","requestCount":0,"signedCount":0}}
{"timestamp":"2026-02-13T06:46:40.575Z","level":"INFO","message":"Sending request to Leegality API","details":{"url":"https://app1.leegality.com/api/v3.2/sign/request","profileId":"TNbM5NR","fileName":"Terms and Conditions","pdfSize":333364}}
{"timestamp":"2026-02-13T06:46:42.777Z","level":"ERROR","message":"Error creating signature request","details":{"message":"Request failed with status code 404","status":404,"response":{"data":{},"messages":[{"code":null,"message":"Resource not found"}],"status":0},"payloadSize":333364}}
{"timestamp":"2026-02-13T16:30:58.048Z","level":"INFO","message":"Checking signature request status","details":{"requestId":"active"}}
{"timestamp":"2026-02-13T16:30:58.587Z","level":"ERROR","message":"Error checking signature status","details":{"error":"Request failed with status code 404","response":{"data":{},"messages":[{"code":null,"message":"Resource not found"}],"status":0},"status":404}}
{"timestamp":"2026-02-13T16:30:58.601Z","level":"INFO","message":"Checking signature request status","details":{"requestId":"active"}}
{"timestamp":"2026-02-13T16:30:58.668Z","level":"ERROR","message":"Error checking signature status","details":{"error":"Request failed with status code 404","response":{"data":{},"messages":[{"code":null,"message":"Resource not found"}],"status":0},"status":404}}
{"timestamp":"2026-02-13T16:31:15.721Z","level":"INFO","message":"Sending request to Leegality API","details":{"url":"https://app1.leegality.com/api/v3.2/sign/request","profileId":"TNbM5NR","fileName":"Terms and Conditions","pdfSize":333364}}
{"timestamp":"2026-02-13T16:31:15.962Z","level":"ERROR","message":"Error creating signature request","details":{"message":"Request failed with status code 404","status":404,"response":{"data":{},"messages":[{"code":null,"message":"Resource not found"}],"status":0},"payloadSize":333364}}
{"timestamp":"2026-02-13T16:32:05.968Z","level":"INFO","message":"Sending request to Leegality API","details":{"url":"https://app1.leegality.com/api/v3.2/sign/request","profileId":"TNbM5NR","fileName":"Terms and Conditions","pdfSize":333364}}
{"timestamp":"2026-02-13T16:32:06.877Z","level":"ERROR","message":"Error creating signature request","details":{"message":"Request failed with status code 404","status":404,"response":{"data":{},"messages":[{"code":null,"message":"Resource not found"}],"status":0},"payloadSize":333364}}
{"timestamp":"2026-02-13T16:33:30.533Z","level":"INFO","message":"Sending request to Leegality API","details":{"url":"https://app1.leegality.com/api/v3.0/sign/request","profileId":"TNbM5NR","fileName":"Terms and Conditions","pdfSize":333364}}
{"timestamp":"2026-02-13T16:33:31.048Z","level":"ERROR","message":"Error creating signature request","details":{"message":"Request failed with status code 403","status":403,"response":{"data":{},"messages":[{"code":null,"message":"Access Denied"}],"status":0},"payloadSize":333364}}
{"timestamp":"2026-02-14T05:34:52.902Z","level":"INFO","message":"Checking signature request status","details":{"requestId":"active"}}
{"timestamp":"2026-02-14T05:34:53.231Z","level":"ERROR","message":"Error checking signature status","details":{"error":"Request failed with status code 404","response":{"data":{},"messages":[{"code":null,"message":"Resource not found"}],"status":0},"status":404}}
{"timestamp":"2026-02-14T05:34:53.241Z","level":"INFO","message":"Checking signature request status","details":{"requestId":"active"}}
{"timestamp":"2026-02-14T05:34:53.360Z","level":"ERROR","message":"Error checking signature status","details":{"error":"Request failed with status code 404","response":{"data":{},"messages":[{"code":null,"message":"Resource not found"}],"status":0},"status":404}}
{"timestamp":"2026-02-14T05:35:00.995Z","level":"INFO","message":"Sending request to Leegality API","details":{"url":"https://app1.leegality.com/api/v3.0/sign/request","profileId":"TNbM5NR","fileName":"Terms and Conditions","pdfSize":333364}}
{"timestamp":"2026-02-14T05:35:01.243Z","level":"ERROR","message":"Error creating signature request","details":{"message":"Request failed with status code 403","status":403,"response":{"data":{},"messages":[{"code":null,"message":"Access Denied"}],"status":0},"payloadSize":333364}}
{"timestamp":"2026-02-14T05:43:36.649Z","level":"INFO","message":"Sending request to Leegality API","details":{"url":"https://app1.leegality.com/api/v3.0/sign/request","profileId":"TNbM5NR","fileName":"Terms and Conditions","pdfSize":333364}}
{"timestamp":"2026-02-14T05:43:37.377Z","level":"ERROR","message":"Error creating signature request","details":{"message":"Request failed with status code 403","status":403,"response":{"data":{},"messages":[{"code":null,"message":"Access Denied"}],"status":0},"payloadSize":333364}}
{"timestamp":"2026-02-14T08:26:40.987Z","level":"INFO","message":"Document details retrieved","details":{"documentId":"01KHDKZ3BYTP84JM8M38F6EH54","status":200,"apiStatus":1}}
